2019/03/18-23:59:37 INFO  [main] com.study.page.PageManageServiceApplication - Starting PageManageServiceApplication on DESKTOP-DA23E11 with PID 10568 (G:\workspace\page-manage-service\target\classes started by hjc in G:\workspace\page-manage-service)
2019/03/18-23:59:37 DEBUG [main] com.study.page.PageManageServiceApplication - Running with Spring Boot v2.1.3.RELEASE, Spring v5.1.5.RELEASE
2019/03/18-23:59:37 INFO  [main] com.study.page.PageManageServiceApplication - No active profile set, falling back to default profiles: default
2019/03/18-23:59:38 INFO  [main] org.springframework.data.repository.config.RepositoryConfigurationDelegate - Multiple Spring Data modules found, entering strict repository configuration mode!
2019/03/18-23:59:38 INFO  [main] org.springframework.data.repository.config.RepositoryConfigurationDelegate - Bootstrapping Spring Data repositories in DEFAULT mode.
2019/03/18-23:59:38 INFO  [main] org.springframework.data.repository.config.RepositoryConfigurationDelegate - Finished Spring Data repository scanning in 28ms. Found 0 repository interfaces.
2019/03/18-23:59:38 INFO  [main] org.springframework.context.support.PostProcessorRegistrationDelegate$BeanPostProcessorChecker - Bean 'org.springframework.transaction.annotation.ProxyTransactionManagementConfiguration' of type [org.springframework.transaction.annotation.ProxyTransactionManagementConfiguration$$EnhancerBySpringCGLIB$$e90ed9d4] is not eligible for getting processed by all BeanPostProcessors (for example: not eligible for auto-proxying)
2019/03/18-23:59:39 INFO  [main] org.springframework.boot.web.embedded.tomcat.TomcatWebServer - Tomcat initialized with port(s): 9083 (http)
2019/03/18-23:59:39 INFO  [main] org.apache.coyote.http11.Http11NioProtocol - Initializing ProtocolHandler ["http-nio-9083"]
2019/03/18-23:59:39 INFO  [main] org.apache.catalina.core.StandardService - Starting service [Tomcat]
2019/03/18-23:59:39 INFO  [main] org.apache.catalina.core.StandardEngine - Starting Servlet engine: [Apache Tomcat/9.0.16]
2019/03/18-23:59:39 INFO  [main] org.apache.catalina.core.AprLifecycleListener - The APR based Apache Tomcat Native library which allows optimal performance in production environments was not found on the java.library.path: [C:\Program Files\Java\jdk1.8.0_202\bin;C:\WINDOWS\Sun\Java\bin;C:\WINDOWS\system32;C:\WINDOWS;C:\Program Files (x86)\Common Files\Oracle\Java\javapath;C:\WINDOWS\system32;C:\WINDOWS;C:\WINDOWS\System32\Wbem;C:\WINDOWS\System32\WindowsPowerShell\v1.0\;C:\WINDOWS\System32\OpenSSH\;"C:\Program Files\Java\jdk1.8.0_202\bin;C:\Program Files\Java\jdk1.8.0_202\jre\bin";C:\Program Files\IDM Computer Solutions\UltraEdit;C:\Program Files\MySQL\MySQL Server 8.0\bin;G:\maven-3.6.0\bin;C:\Users\hjc\AppData\Local\Microsoft\WindowsApps;;.]
2019/03/18-23:59:39 INFO  [main] org.apache.catalina.core.ContainerBase.[Tomcat].[localhost].[/] - Initializing Spring embedded WebApplicationContext
2019/03/18-23:59:39 INFO  [main] org.springframework.web.context.ContextLoader - Root WebApplicationContext: initialization completed in 1804 ms
2019/03/18-23:59:40 INFO  [main] com.zaxxer.hikari.HikariDataSource - HikariPool-1 - Starting...
2019/03/18-23:59:40 WARN  [main] com.zaxxer.hikari.util.DriverDataSource - Registered driver with driverClassName=com.mysql.jdbc.Driver was not found, trying direct instantiation.
2019/03/18-23:59:40 INFO  [main] com.zaxxer.hikari.HikariDataSource - HikariPool-1 - Start completed.
2019/03/18-23:59:41 INFO  [main] liquibase.executor.jvm.JdbcExecutor - SELECT COUNT(*) FROM page.DATABASECHANGELOGLOCK
2019/03/18-23:59:41 INFO  [main] liquibase.executor.jvm.JdbcExecutor - SELECT COUNT(*) FROM page.DATABASECHANGELOGLOCK
2019/03/18-23:59:41 INFO  [main] liquibase.executor.jvm.JdbcExecutor - SELECT `LOCKED` FROM page.DATABASECHANGELOGLOCK WHERE ID=1
2019/03/18-23:59:41 INFO  [main] liquibase.lockservice.StandardLockService - Successfully acquired change log lock
2019/03/18-23:59:42 INFO  [main] liquibase.executor.jvm.JdbcExecutor - SELECT MD5SUM FROM page.DATABASECHANGELOG WHERE MD5SUM IS NOT NULL LIMIT 1
2019/03/18-23:59:42 INFO  [main] liquibase.executor.jvm.JdbcExecutor - SELECT COUNT(*) FROM page.DATABASECHANGELOG
2019/03/18-23:59:42 INFO  [main] liquibase.changelog.StandardChangeLogHistoryService - Reading from page.DATABASECHANGELOG
2019/03/18-23:59:42 INFO  [main] liquibase.executor.jvm.JdbcExecutor - SELECT * FROM page.DATABASECHANGELOG ORDER BY DATEEXECUTED ASC, ORDEREXECUTED ASC
2019/03/18-23:59:42 INFO  [main] liquibase.lockservice.StandardLockService - Successfully released change log lock
2019/03/18-23:59:42 INFO  [main] org.springframework.scheduling.concurrent.ThreadPoolTaskScheduler - Initializing ExecutorService 'taskScheduler'
2019/03/18-23:59:42 INFO  [main] org.springframework.boot.actuate.endpoint.web.EndpointLinksResolver - Exposing 2 endpoint(s) beneath base path '/actuator'
2019/03/18-23:59:42 INFO  [main] org.apache.coyote.http11.Http11NioProtocol - Starting ProtocolHandler ["http-nio-9083"]
2019/03/18-23:59:42 INFO  [main] org.springframework.boot.web.embedded.tomcat.TomcatWebServer - Tomcat started on port(s): 9083 (http) with context path ''
2019/03/18-23:59:42 INFO  [main] com.study.page.PageManageServiceApplication - Started PageManageServiceApplication in 5.464 seconds (JVM running for 6.304)
2019/03/18-23:59:42 INFO  [RMI TCP Connection(4)-127.0.0.1] org.apache.catalina.core.ContainerBase.[Tomcat].[localhost].[/] - Initializing Spring DispatcherServlet 'dispatcherServlet'
2019/03/18-23:59:42 INFO  [RMI TCP Connection(4)-127.0.0.1] org.springframework.web.servlet.DispatcherServlet - Initializing Servlet 'dispatcherServlet'
2019/03/18-23:59:42 INFO  [RMI TCP Connection(4)-127.0.0.1] org.springframework.web.servlet.DispatcherServlet - Completed initialization in 16 ms
2019/03/18-23:59:42 INFO  [RMI TCP Connection(2)-127.0.0.1] io.lettuce.core.EpollProvider - Starting without optional epoll library
2019/03/18-23:59:42 INFO  [RMI TCP Connection(2)-127.0.0.1] io.lettuce.core.KqueueProvider - Starting without optional kqueue library
